Le 17/05/2017 à 0:57:40 - Construction d'une Ellipse.
Le 17/05/2017 à 0:58:13 - Sauvegarde du Triangle sur la sortie standard ('Formes.txt').
Le 17/05/2017 à 0:58:13 - Sauvegarde de Rectangle depuis la sortie standard ('Formes.txt').
Le 17/05/2017 à 0:58:13 - Sauvegarde du Cercle sur la sortie standard ('Formes.txt').
Le 17/05/2017 à 0:58:13 - Sauvegarde du Carré sur la sortie standard ('Formes.txt').
Le 17/05/2017 à 0:58:13 - Sauvegarde de Rectangle depuis la sortie standard ('Formes.txt').
Le 17/05/2017 à 0:58:13 - Sauvegarde de l'Ellipse sur la sortie standard ('Formes.txt').
Le 17/05/2017 à 0:58:16 - Destruction de Triangle.
Le 17/05/2017 à 0:58:16 - Destruction de Rectangle.
Le 17/05/2017 à 0:58:16 - Destruction de Cercle.
Le 17/05/2017 à 0:58:16 - Destruction de Carre.
Le 17/05/2017 à 0:58:16 - Destruction de Rectangle.
Le 17/05/2017 à 0:58:16 - Destruction de l'Ellipse.
Le 17/05/2017 à 0:58:19 - Construction du Triangle à partir de l'entrée standard ('Formes.txt').
Le 17/05/2017 à 0:58:19 - Construction d'un Rectangle depuis l'entrée standard ('Formes.txt').
Le 17/05/2017 à 0:58:19 - Construction d'un Carré depuis l'entrée standard ('Formes.txt').
Le 17/05/2017 à 0:58:19 - Construction d'un Rectangle depuis l'entrée standard ('Formes.txt').
Le 17/05/2017 à 0:58:19 - Construction d'une Ellipse depuis l'entrée standard ('Formes.txt').
Le 17/05/2017 à 0:58:58 - Destruction de Triangle.
Le 17/05/2017 à 0:58:58 - Destruction de Rectangle.
Le 17/05/2017 à 0:58:58 - Destruction de Cercle.
Le 17/05/2017 à 0:58:58 - Destruction de Carre.
Le 17/05/2017 à 0:58:58 - Destruction de Rectangle.
Le 17/05/2017 à 0:58:58 - Destruction de l'Ellipse.
